<?xml version="1.0" encoding="UTF-8"?>
<!-- Generated by org.testng.reporters.JUnitReportReporter -->
<testsuite hostname="LAPTOP-G9RE70VK" failures="0" tests="1" name="com.crm.Sdet.organization.CreateOrganizationTest" time="25.620" errors="0" timestamp="2022-08-11T19:53:02 IST" skipped="0">
  <testcase classname="com.crm.Sdet.organization.CreateOrganizationTest" name="Organization" time="25.620"/>
  <system-out/>
</testsuite> <!-- com.crm.Sdet.organization.CreateOrganizationTest -->
