<?xml version="1.0" encoding="UTF-8"?>
<!-- Generated by org.testng.reporters.JUnitReportReporter -->
<testsuite hostname="LAPTOP-G9RE70VK" failures="0" tests="1" name="ContactsModule.Contactsmoduletest" time="23.786" errors="0" timestamp="2022-09-14T13:08:44 IST" skipped="0">
  <testcase classname="ContactsModule.Contactsmoduletest" name="contactsmoduletest" time="23.786"/>
  <system-out/>
</testsuite> <!-- ContactsModule.Contactsmoduletest -->
