<?xml version="1.0" encoding="UTF-8"?>
<!-- Generated by org.testng.reporters.JUnitReportReporter -->
<testsuite hostname="LAPTOP-G9RE70VK" failures="0" tests="1" name="com.crm.Sdet.product.DeleteProduct" time="84.886" errors="0" timestamp="2022-08-09T12:33:35 IST" skipped="0">
  <testcase classname="com.crm.Sdet.product.DeleteProduct" name="productDelete" time="84.886"/>
  <system-out/>
</testsuite> <!-- com.crm.Sdet.product.DeleteProduct -->
