<?xml version="1.0" encoding="UTF-8"?>
<!-- Generated by org.testng.reporters.JUnitReportReporter -->
<testsuite hostname="LAPTOP-G9RE70VK" failures="0" tests="1" name="com.crm.Sdet.campaigns.CreateCampaignsTest" time="28.551" errors="0" timestamp="2022-09-30T20:59:41 IST" skipped="0">
  <testcase classname="com.crm.Sdet.campaigns.CreateCampaignsTest" name="campigncreate" time="28.551"/>
  <system-out/>
</testsuite> <!-- com.crm.Sdet.campaigns.CreateCampaignsTest -->
