<?xml version="1.0" encoding="UTF-8"?>
<!-- Generated by org.testng.reporters.JUnitReportReporter -->
<testsuite hostname="LAPTOP-G9RE70VK" failures="0" tests="1" name="com.crm.Sdet.campaigns.Campignwithproduct11" time="21.557" errors="0" timestamp="2022-08-11T13:16:53 IST" skipped="0">
  <testcase classname="com.crm.Sdet.campaigns.Campignwithproduct11" name="campandproduct" time="21.557"/>
  <system-out/>
</testsuite> <!-- com.crm.Sdet.campaigns.Campignwithproduct11 -->
