<?xml version="1.0" encoding="UTF-8"?>
<!-- Generated by org.testng.reporters.JUnitReportReporter -->
<testsuite hostname="LAPTOP-G9RE70VK" failures="0" tests="5" name="Practice.Dataproviderexample" time="0.009" errors="0" timestamp="2022-08-03T15:21:23 IST" skipped="0">
  <testcase classname="Practice.Dataproviderexample" name="bookTicket" time="0.005"/>
  <system-out/>
  <testcase classname="Practice.Dataproviderexample" name="bookTicket" time="0.000"/>
  <system-out/>
  <testcase classname="Practice.Dataproviderexample" name="bookTicket" time="0.001"/>
  <system-out/>
  <testcase classname="Practice.Dataproviderexample" name="bookTicket" time="0.002"/>
  <system-out/>
  <testcase classname="Practice.Dataproviderexample" name="bookTicket" time="0.001"/>
  <system-out/>
</testsuite> <!-- Practice.Dataproviderexample -->
