<?xml version="1.0" encoding="UTF-8"?>
<!-- Generated by org.testng.reporters.JUnitReportReporter -->
<testsuite hostname="LAPTOP-G9RE70VK" failures="0" tests="1" name="com.crm.Sdet.product.DeleteProductTest" time="29.691" errors="0" timestamp="2022-08-11T20:01:12 IST" skipped="0">
  <testcase classname="com.crm.Sdet.product.DeleteProductTest" name="productDelete" time="29.691"/>
  <system-out/>
</testsuite> <!-- com.crm.Sdet.product.DeleteProductTest -->
