<?xml version="1.0" encoding="UTF-8"?>
<!-- Generated by org.testng.reporters.JUnitReportReporter -->
<testsuite hostname="LAPTOP-G9RE70VK" failures="0" tests="1" name="com.crm.Sdet.campaigns.Campignwithproduct11Test" time="49.184" errors="0" timestamp="2022-08-11T20:01:12 IST" skipped="0">
  <testcase classname="com.crm.Sdet.campaigns.Campignwithproduct11Test" name="campandproduct" time="49.184"/>
  <system-out/>
</testsuite> <!-- com.crm.Sdet.campaigns.Campignwithproduct11Test -->
