<?xml version="1.0" encoding="UTF-8"?>
<!-- Generated by org.testng.reporters.JUnitReportReporter -->
<testsuite hostname="LAPTOP-G9RE70VK" failures="0" tests="1" name="Practice.Screenshotofhome" time="6.866" errors="0" timestamp="2022-08-09T11:44:37 IST" skipped="0">
  <testcase classname="Practice.Screenshotofhome" name="screen" time="6.866"/>
  <system-out/>
</testsuite> <!-- Practice.Screenshotofhome -->
