<?xml version="1.0" encoding="UTF-8"?>
<!-- Generated by org.testng.reporters.JUnitReportReporter -->
<testsuite hostname="LAPTOP-G9RE70VK" failures="0" tests="1" name="com.crm.Sdet.campaigns.Campignwithproduct11Test" time="34.060" errors="0" timestamp="2022-09-13T20:29:03 IST" skipped="0">
  <testcase classname="com.crm.Sdet.campaigns.Campignwithproduct11Test" name="campandproduct" time="34.060"/>
  <system-out/>
</testsuite> <!-- com.crm.Sdet.campaigns.Campignwithproduct11Test -->
